2021-12-02T11:25:59.803Z - info: Website generation started at 6:25:59 AM
2021-12-02T11:25:59.869Z - info: Building assets...
2021-12-02T11:25:59.913Z - info: Assets built
2021-12-02T11:25:59.914Z - info: Generating pages...
2021-12-02T11:26:00.197Z - info: Pages built
2021-12-02T11:26:00.276Z - info: Site data built
2021-12-02T11:26:00.276Z - info: Website generation complete! Total build time: 0.547s
2021-12-02T11:26:00.305Z - info: Serving "/Users/tejasbhuwania/Desktop/BombBoom/_site" at http://127.0.0.1:8080
2021-12-02T11:26:00.305Z - info: Press CTRL+C to stop ...
2021-12-02T11:26:40.824Z - info: [6:26:40 AM] Reload for file change: /Users/tejasbhuwania/Desktop/BombBoom/contents/q1.md
2021-12-02T11:26:41.878Z - info: Rebuilding 1 pages
2021-12-02T11:26:41.949Z - info: Site data built
2021-12-02T11:26:41.949Z - info: Pages rebuilt
2021-12-02T11:26:41.950Z - info: Website regeneration complete! Total build time: 0.09s
2021-12-02T11:28:33.661Z - info: [6:28:33 AM] Reload for file change: /Users/tejasbhuwania/Desktop/BombBoom/contents/q1.md
2021-12-02T11:28:34.678Z - info: Rebuilding 1 pages
2021-12-02T11:28:34.726Z - info: Site data built
2021-12-02T11:28:34.726Z - info: Pages rebuilt
2021-12-02T11:28:34.727Z - info: Website regeneration complete! Total build time: 0.052s
2021-12-02T11:28:56.734Z - info: [6:28:56 AM] Reload for file change: /Users/tejasbhuwania/Desktop/BombBoom/contents/q1.md
2021-12-02T11:28:57.742Z - info: Rebuilding 1 pages
2021-12-02T11:28:57.764Z - info: Site data built
2021-12-02T11:28:57.764Z - info: Pages rebuilt
2021-12-02T11:28:57.765Z - info: Website regeneration complete! Total build time: 0.023s
2021-12-02T11:30:30.296Z - info: [6:30:30 AM] Reload for file change: /Users/tejasbhuwania/Desktop/BombBoom/_markbind/layouts/default.md
2021-12-02T11:30:31.363Z - info: Rebuilding 8 pages
2021-12-02T11:30:31.566Z - info: Site data built
2021-12-02T11:30:31.566Z - info: Pages rebuilt
2021-12-02T11:30:31.566Z - info: Website regeneration complete! Total build time: 0.203s
2021-12-02T11:34:03.906Z - info: [6:34:03 AM] Reload for file add: /Users/tejasbhuwania/Desktop/BombBoom/images/mouse.png
2021-12-02T11:34:05.219Z - info: Assets built
2021-12-02T11:34:17.838Z - info: [6:34:17 AM] Reload for file change: /Users/tejasbhuwania/Desktop/BombBoom/contents/q1.md
2021-12-02T11:34:18.855Z - info: Rebuilding 1 pages
2021-12-02T11:34:18.896Z - warn: You might have an invalid intra-link! Ignore this warning if it was intended.
'/bombphatnewalahai/
  Some text some text some text some text some text some text some text. Some text some text some text some text some text some text some text. Some text some text some text some text some text some text some text some text some text some text some text some text some text some text. Some text some text some text some text some text some text. Some text some text some text some text some text some text some text.
</panel>
<ul>
<li>
<p><em><span class=' found in file '/Users/tejasbhuwania/Desktop/BombBoom/contents/q1.md'
2021-12-02T11:34:18.966Z - info: Site data built
2021-12-02T11:34:18.966Z - info: Pages rebuilt
2021-12-02T11:34:18.967Z - info: Website regeneration complete! Total build time: 0.114s
2021-12-02T11:34:38.562Z - info: [6:34:38 AM] Reload for file change: /Users/tejasbhuwania/Desktop/BombBoom/contents/q1.md
2021-12-02T11:34:39.565Z - info: Rebuilding 1 pages
2021-12-02T11:34:39.585Z - warn: You might have an invalid intra-link! Ignore this warning if it was intended.
'/bombphatnewalahai/images/mouse.
  Some text some text some text some text some text some text some text. Some text some text some text some text some text some text some text. Some text some text some text some text some text some text some text some text some text some text some text some text some text some text. Some text some text some text some text some text some text. Some text some text some text some text some text some text some text.
</panel>
<ul>
<li>
<p><em><span class=' found in file '/Users/tejasbhuwania/Desktop/BombBoom/contents/q1.md'
2021-12-02T11:34:39.629Z - info: Site data built
2021-12-02T11:34:39.629Z - info: Pages rebuilt
2021-12-02T11:34:39.630Z - info: Website regeneration complete! Total build time: 0.065s
2021-12-02T11:34:42.602Z - info: [6:34:42 AM] Reload for file change: /Users/tejasbhuwania/Desktop/BombBoom/contents/q1.md
2021-12-02T11:34:43.608Z - info: Rebuilding 1 pages
2021-12-02T11:34:43.614Z - warn: You might have an invalid intra-link! Ignore this warning if it was intended.
'/bombphatnewalahai/images/mouse.png
  Some text some text some text some text some text some text some text. Some text some text some text some text some text some text some text. Some text some text some text some text some text some text some text some text some text some text some text some text some text some text. Some text some text some text some text some text some text. Some text some text some text some text some text some text some text.
</panel>
<ul>
<li>
<p><em><span class=' found in file '/Users/tejasbhuwania/Desktop/BombBoom/contents/q1.md'
2021-12-02T11:34:43.643Z - info: Site data built
2021-12-02T11:34:43.643Z - info: Pages rebuilt
2021-12-02T11:34:43.643Z - info: Website regeneration complete! Total build time: 0.035s
2021-12-02T11:34:50.562Z - info: [6:34:50 AM] Reload for file change: /Users/tejasbhuwania/Desktop/BombBoom/contents/q1.md
2021-12-02T11:34:51.568Z - info: Rebuilding 1 pages
2021-12-02T11:34:51.609Z - info: Site data built
2021-12-02T11:34:51.609Z - info: Pages rebuilt
2021-12-02T11:34:51.609Z - info: Website regeneration complete! Total build time: 0.042s
2021-12-02T11:34:55.861Z - info: [6:34:55 AM] Reload for file change: /Users/tejasbhuwania/Desktop/BombBoom/contents/q1.md
2021-12-02T11:34:56.867Z - info: Rebuilding 1 pages
2021-12-02T11:34:56.885Z - info: Site data built
2021-12-02T11:34:56.885Z - info: Pages rebuilt
2021-12-02T11:34:56.885Z - info: Website regeneration complete! Total build time: 0.019s
2021-12-02T11:35:30.997Z - info: [6:35:30 AM] Reload for file change: /Users/tejasbhuwania/Desktop/BombBoom/contents/q1.md
2021-12-02T11:35:32.005Z - info: Rebuilding 1 pages
2021-12-02T11:35:32.111Z - info: Site data built
2021-12-02T11:35:32.112Z - info: Pages rebuilt
2021-12-02T11:35:32.112Z - info: Website regeneration complete! Total build time: 0.108s
2021-12-02T11:35:42.386Z - info: [6:35:42 AM] Reload for file change: /Users/tejasbhuwania/Desktop/BombBoom/contents/q1.md
2021-12-02T11:35:43.390Z - info: Rebuilding 1 pages
2021-12-02T11:35:43.454Z - info: Site data built
2021-12-02T11:35:43.454Z - info: Pages rebuilt
2021-12-02T11:35:43.454Z - info: Website regeneration complete! Total build time: 0.066s
2021-12-02T11:35:56.572Z - info: [6:35:56 AM] Reload for file change: /Users/tejasbhuwania/Desktop/BombBoom/contents/q1.md
2021-12-02T11:35:57.579Z - info: Rebuilding 1 pages
2021-12-02T11:35:57.638Z - info: Site data built
2021-12-02T11:35:57.639Z - info: Pages rebuilt
2021-12-02T11:35:57.639Z - info: Website regeneration complete! Total build time: 0.062s
2021-12-02T11:36:09.561Z - info: [6:36:09 AM] Reload for file change: /Users/tejasbhuwania/Desktop/BombBoom/contents/q1.md
2021-12-02T11:36:10.568Z - info: Rebuilding 1 pages
2021-12-02T11:36:10.620Z - info: Site data built
2021-12-02T11:36:10.620Z - info: Pages rebuilt
2021-12-02T11:36:10.620Z - info: Website regeneration complete! Total build time: 0.053s
2021-12-02T11:36:18.943Z - info: [6:36:18 AM] Reload for file change: /Users/tejasbhuwania/Desktop/BombBoom/contents/q1.md
2021-12-02T11:36:19.949Z - info: Rebuilding 1 pages
2021-12-02T11:36:19.996Z - info: Site data built
2021-12-02T11:36:19.996Z - info: Pages rebuilt
2021-12-02T11:36:19.996Z - info: Website regeneration complete! Total build time: 0.048s
2021-12-02T11:36:32.071Z - info: [6:36:32 AM] Reload for file change: /Users/tejasbhuwania/Desktop/BombBoom/contents/q1.md
2021-12-02T11:36:33.073Z - info: Rebuilding 1 pages
2021-12-02T11:36:33.107Z - info: Site data built
2021-12-02T11:36:33.107Z - info: Pages rebuilt
2021-12-02T11:36:33.107Z - info: Website regeneration complete! Total build time: 0.034s
2021-12-02T11:36:44.580Z - info: [6:36:44 AM] Reload for file change: /Users/tejasbhuwania/Desktop/BombBoom/contents/q1.md
2021-12-02T11:36:45.582Z - info: Rebuilding 1 pages
2021-12-02T11:36:45.604Z - info: Site data built
2021-12-02T11:36:45.604Z - info: Pages rebuilt
2021-12-02T11:36:45.604Z - info: Website regeneration complete! Total build time: 0.022s
2021-12-02T11:37:06.037Z - info: [6:37:06 AM] Reload for file change: /Users/tejasbhuwania/Desktop/BombBoom/contents/q1.md
2021-12-02T11:37:07.044Z - info: Rebuilding 1 pages
2021-12-02T11:37:07.077Z - info: Site data built
2021-12-02T11:37:07.077Z - info: Pages rebuilt
2021-12-02T11:37:07.077Z - info: Website regeneration complete! Total build time: 0.034s
2021-12-02T11:38:33.109Z - info: [6:38:33 AM] Reload for file change: /Users/tejasbhuwania/Desktop/BombBoom/contents/q1.md
2021-12-02T11:38:34.130Z - info: Rebuilding 1 pages
2021-12-02T11:38:34.199Z - info: Site data built
2021-12-02T11:38:34.199Z - info: Pages rebuilt
2021-12-02T11:38:34.200Z - info: Website regeneration complete! Total build time: 0.076s
2021-12-02T11:38:45.159Z - info: [6:38:45 AM] Reload for file change: /Users/tejasbhuwania/Desktop/BombBoom/contents/q1.md
2021-12-02T11:38:46.162Z - info: Rebuilding 1 pages
2021-12-02T11:38:46.237Z - info: Site data built
2021-12-02T11:38:46.237Z - info: Pages rebuilt
2021-12-02T11:38:46.237Z - info: Website regeneration complete! Total build time: 0.076s
2021-12-02T11:39:11.080Z - info: [6:39:11 AM] Reload for file change: /Users/tejasbhuwania/Desktop/BombBoom/contents/q1.md
2021-12-02T11:39:12.087Z - info: Rebuilding 1 pages
2021-12-02T11:39:12.123Z - info: Site data built
2021-12-02T11:39:12.123Z - info: Pages rebuilt
2021-12-02T11:39:12.123Z - info: Website regeneration complete! Total build time: 0.037s
2021-12-02T11:41:06.434Z - info: [6:41:06 AM] Reload for file change: /Users/tejasbhuwania/Desktop/BombBoom/contents/q1.md
2021-12-02T11:41:07.442Z - info: Rebuilding 1 pages
2021-12-02T11:41:07.547Z - info: Site data built
2021-12-02T11:41:07.548Z - info: Pages rebuilt
2021-12-02T11:41:07.548Z - info: Website regeneration complete! Total build time: 0.108s
2021-12-02T11:41:27.203Z - info: [6:41:27 AM] Reload for file change: /Users/tejasbhuwania/Desktop/BombBoom/contents/q1.md
2021-12-02T11:41:28.209Z - info: Rebuilding 1 pages
2021-12-02T11:41:28.240Z - info: Site data built
2021-12-02T11:41:28.240Z - info: Pages rebuilt
2021-12-02T11:41:28.240Z - info: Website regeneration complete! Total build time: 0.032s
2021-12-02T11:41:42.553Z - info: [6:41:42 AM] Reload for file change: /Users/tejasbhuwania/Desktop/BombBoom/contents/q1.md
2021-12-02T11:41:43.560Z - info: Rebuilding 1 pages
2021-12-02T11:41:43.573Z - info: Site data built
2021-12-02T11:41:43.573Z - info: Pages rebuilt
2021-12-02T11:41:43.574Z - info: Website regeneration complete! Total build time: 0.014s
2021-12-02T11:41:55.844Z - info: [6:41:55 AM] Reload for file change: /Users/tejasbhuwania/Desktop/BombBoom/contents/q1.md
2021-12-02T11:41:56.847Z - info: Rebuilding 1 pages
2021-12-02T11:41:56.886Z - info: Site data built
2021-12-02T11:41:56.886Z - info: Pages rebuilt
2021-12-02T11:41:56.886Z - info: Website regeneration complete! Total build time: 0.041s
2021-12-02T11:42:05.050Z - info: [6:42:05 AM] Reload for file change: /Users/tejasbhuwania/Desktop/BombBoom/contents/q1.md
2021-12-02T11:42:06.050Z - info: Rebuilding 1 pages
2021-12-02T11:42:06.069Z - info: Site data built
2021-12-02T11:42:06.069Z - info: Pages rebuilt
2021-12-02T11:42:06.070Z - info: Website regeneration complete! Total build time: 0.02s
2021-12-02T11:42:19.850Z - info: [6:42:19 AM] Reload for file change: /Users/tejasbhuwania/Desktop/BombBoom/contents/q1.md
2021-12-02T11:42:20.859Z - info: Rebuilding 1 pages
2021-12-02T11:42:20.915Z - info: Site data built
2021-12-02T11:42:20.915Z - info: Pages rebuilt
2021-12-02T11:42:20.915Z - info: Website regeneration complete! Total build time: 0.062s
2021-12-02T11:42:28.622Z - info: [6:42:28 AM] Reload for file change: /Users/tejasbhuwania/Desktop/BombBoom/contents/q1.md
2021-12-02T11:42:29.628Z - info: Rebuilding 1 pages
2021-12-02T11:42:29.661Z - info: Site data built
2021-12-02T11:42:29.661Z - info: Pages rebuilt
2021-12-02T11:42:29.661Z - info: Website regeneration complete! Total build time: 0.034s
2021-12-02T11:42:53.459Z - info: [6:42:53 AM] Reload for file change: /Users/tejasbhuwania/Desktop/BombBoom/contents/q1.md
2021-12-02T11:42:54.472Z - info: Rebuilding 1 pages
2021-12-02T11:42:54.574Z - info: Site data built
2021-12-02T11:42:54.574Z - info: Pages rebuilt
2021-12-02T11:42:54.574Z - info: Website regeneration complete! Total build time: 0.106s
2021-12-02T11:43:01.410Z - info: [6:43:01 AM] Reload for file change: /Users/tejasbhuwania/Desktop/BombBoom/contents/q1.md
2021-12-02T11:43:02.418Z - info: Rebuilding 1 pages
2021-12-02T11:43:02.483Z - info: Site data built
2021-12-02T11:43:02.484Z - info: Pages rebuilt
2021-12-02T11:43:02.484Z - info: Website regeneration complete! Total build time: 0.068s
2021-12-02T11:43:08.273Z - info: [6:43:08 AM] Reload for file change: /Users/tejasbhuwania/Desktop/BombBoom/contents/q1.md
2021-12-02T11:43:09.278Z - info: Rebuilding 1 pages
2021-12-02T11:43:09.330Z - info: Site data built
2021-12-02T11:43:09.331Z - info: Pages rebuilt
2021-12-02T11:43:09.331Z - info: Website regeneration complete! Total build time: 0.054s
2021-12-02T11:44:01.274Z - info: [6:44:01 AM] Reload for file change: /Users/tejasbhuwania/Desktop/BombBoom/contents/q1.md
2021-12-02T11:44:02.291Z - info: Rebuilding 1 pages
2021-12-02T11:44:02.487Z - info: Site data built
2021-12-02T11:44:02.487Z - info: Pages rebuilt
2021-12-02T11:44:02.488Z - info: Website regeneration complete! Total build time: 0.199s
2021-12-02T11:44:20.967Z - info: [6:44:20 AM] Reload for file change: /Users/tejasbhuwania/Desktop/BombBoom/contents/q1.md
2021-12-02T11:44:21.978Z - info: Rebuilding 1 pages
2021-12-02T11:44:22.054Z - info: Site data built
2021-12-02T11:44:22.054Z - info: Pages rebuilt
2021-12-02T11:44:22.055Z - info: Website regeneration complete! Total build time: 0.081s
2021-12-02T11:44:34.681Z - info: [6:44:34 AM] Reload for file change: /Users/tejasbhuwania/Desktop/BombBoom/contents/q1.md
2021-12-02T11:44:35.687Z - info: Rebuilding 1 pages
2021-12-02T11:44:35.731Z - info: Site data built
2021-12-02T11:44:35.731Z - info: Pages rebuilt
2021-12-02T11:44:35.732Z - info: Website regeneration complete! Total build time: 0.045s
2021-12-02T11:44:45.072Z - info: [6:44:45 AM] Reload for file change: /Users/tejasbhuwania/Desktop/BombBoom/contents/q1.md
2021-12-02T11:44:46.080Z - info: Rebuilding 1 pages
2021-12-02T11:44:46.119Z - info: Site data built
2021-12-02T11:44:46.119Z - info: Pages rebuilt
2021-12-02T11:44:46.119Z - info: Website regeneration complete! Total build time: 0.041s
2021-12-02T11:44:59.314Z - info: [6:44:59 AM] Reload for file change: /Users/tejasbhuwania/Desktop/BombBoom/contents/q1.md
2021-12-02T11:45:00.321Z - info: Rebuilding 1 pages
2021-12-02T11:45:00.417Z - info: Site data built
2021-12-02T11:45:00.417Z - info: Pages rebuilt
2021-12-02T11:45:00.418Z - info: Website regeneration complete! Total build time: 0.098s
2021-12-02T11:45:22.777Z - info: [6:45:22 AM] Reload for file change: /Users/tejasbhuwania/Desktop/BombBoom/contents/q1.md
2021-12-02T11:45:23.801Z - info: Rebuilding 1 pages
2021-12-02T11:45:23.992Z - info: Site data built
2021-12-02T11:45:23.993Z - info: Pages rebuilt
2021-12-02T11:45:23.993Z - info: Website regeneration complete! Total build time: 0.21s
2021-12-02T11:45:58.035Z - info: [6:45:58 AM] Reload for file change: /Users/tejasbhuwania/Desktop/BombBoom/contents/q1.md
2021-12-02T11:45:59.046Z - info: Rebuilding 1 pages
2021-12-02T11:45:59.110Z - info: Site data built
2021-12-02T11:45:59.110Z - info: Pages rebuilt
2021-12-02T11:45:59.111Z - info: Website regeneration complete! Total build time: 0.068s
2021-12-02T11:46:26.602Z - info: [6:46:26 AM] Reload for file change: /Users/tejasbhuwania/Desktop/BombBoom/contents/q1.md
2021-12-02T11:46:27.608Z - info: Rebuilding 1 pages
2021-12-02T11:46:27.685Z - info: Site data built
2021-12-02T11:46:27.685Z - info: Pages rebuilt
2021-12-02T11:46:27.686Z - info: Website regeneration complete! Total build time: 0.081s
2021-12-02T11:47:22.618Z - info: [6:47:22 AM] Reload for file add: /Users/tejasbhuwania/Desktop/BombBoom/images/chihuahua.jpeg
2021-12-02T11:47:23.708Z - info: Assets built
2021-12-02T11:47:33.968Z - info: [6:47:33 AM] Reload for file change: /Users/tejasbhuwania/Desktop/BombBoom/contents/q1.md
2021-12-02T11:47:34.974Z - info: Rebuilding 1 pages
2021-12-02T11:47:35.023Z - info: Site data built
2021-12-02T11:47:35.023Z - info: Pages rebuilt
2021-12-02T11:47:35.023Z - info: Website regeneration complete! Total build time: 0.05s
2021-12-02T11:47:50.622Z - warn: Command 'dpeloy' doesn't exist, run "markbind --help" to list commands.
2021-12-02T11:47:55.934Z - info: Deployed at https://tejas2805.github.io/bombphatnewalahai!
2021-12-02T11:51:13.482Z - info: Website generation started at 6:51:13 AM
2021-12-02T11:51:13.545Z - info: Building assets...
2021-12-02T11:51:13.575Z - info: Assets built
2021-12-02T11:51:13.576Z - info: Generating pages...
2021-12-02T11:51:13.848Z - info: Pages built
2021-12-02T11:51:13.924Z - info: Site data built
2021-12-02T11:51:13.924Z - info: Website generation complete! Total build time: 0.505s
2021-12-02T11:51:13.945Z - info: Serving "/Users/tejasbhuwania/Desktop/BombBoom/_site" at http://127.0.0.1:8080
2021-12-02T11:51:13.945Z - info: Press CTRL+C to stop ...
2021-12-02T11:51:30.596Z - info: [6:51:30 AM] Reload for file change: /Users/tejasbhuwania/Desktop/BombBoom/contents/q1.md
2021-12-02T11:51:31.605Z - info: Rebuilding 1 pages
2021-12-02T11:51:31.647Z - info: Site data built
2021-12-02T11:51:31.647Z - info: Pages rebuilt
2021-12-02T11:51:31.648Z - info: Website regeneration complete! Total build time: 0.043s
2021-12-02T11:52:01.522Z - info: [6:52:01 AM] Reload for file change: /Users/tejasbhuwania/Desktop/BombBoom/contents/q1.md
2021-12-02T11:52:02.530Z - info: Rebuilding 1 pages
2021-12-02T11:52:02.576Z - info: Site data built
2021-12-02T11:52:02.576Z - info: Pages rebuilt
2021-12-02T11:52:02.576Z - info: Website regeneration complete! Total build time: 0.048s
2021-12-02T11:52:15.835Z - info: [6:52:15 AM] Reload for file change: /Users/tejasbhuwania/Desktop/BombBoom/contents/q1.md
2021-12-02T11:52:16.839Z - info: Rebuilding 1 pages
2021-12-02T11:52:16.891Z - info: Site data built
2021-12-02T11:52:16.891Z - info: Pages rebuilt
2021-12-02T11:52:16.891Z - info: Website regeneration complete! Total build time: 0.052s
2021-12-02T11:52:48.147Z - info: [6:52:48 AM] Reload for file change: /Users/tejasbhuwania/Desktop/BombBoom/contents/q1.md
2021-12-02T11:52:49.153Z - info: Rebuilding 1 pages
2021-12-02T11:52:49.206Z - info: Site data built
2021-12-02T11:52:49.206Z - info: Pages rebuilt
2021-12-02T11:52:49.206Z - info: Website regeneration complete! Total build time: 0.055s
2021-12-02T11:52:57.192Z - info: [6:52:57 AM] Reload for file change: /Users/tejasbhuwania/Desktop/BombBoom/contents/q1.md
2021-12-02T11:52:58.195Z - info: Rebuilding 1 pages
2021-12-02T11:52:58.268Z - info: Site data built
2021-12-02T11:52:58.269Z - info: Pages rebuilt
2021-12-02T11:52:58.269Z - info: Website regeneration complete! Total build time: 0.075s
2021-12-02T11:53:17.811Z - info: [6:53:17 AM] Reload for file change: /Users/tejasbhuwania/Desktop/BombBoom/contents/q1.md
2021-12-02T11:53:18.821Z - info: Rebuilding 1 pages
2021-12-02T11:53:18.922Z - info: Site data built
2021-12-02T11:53:18.923Z - info: Pages rebuilt
2021-12-02T11:53:18.923Z - info: Website regeneration complete! Total build time: 0.107s
2021-12-02T11:53:38.534Z - info: [6:53:38 AM] Reload for file change: /Users/tejasbhuwania/Desktop/BombBoom/contents/q1.md
2021-12-02T11:53:39.538Z - info: Rebuilding 1 pages
2021-12-02T11:53:39.604Z - info: Site data built
2021-12-02T11:53:39.604Z - info: Pages rebuilt
2021-12-02T11:53:39.604Z - info: Website regeneration complete! Total build time: 0.068s
2021-12-02T11:54:14.837Z - info: [6:54:14 AM] Reload for file add: /Users/tejasbhuwania/Desktop/BombBoom/images/frog.png
2021-12-02T11:54:15.887Z - info: Assets built
2021-12-02T11:54:27.427Z - info: [6:54:27 AM] Reload for file change: /Users/tejasbhuwania/Desktop/BombBoom/contents/q1.md
2021-12-02T11:54:28.435Z - info: Rebuilding 1 pages
2021-12-02T11:54:28.487Z - info: Site data built
2021-12-02T11:54:28.488Z - info: Pages rebuilt
2021-12-02T11:54:28.488Z - info: Website regeneration complete! Total build time: 0.055s
2021-12-02T11:55:14.859Z - info: [6:55:14 AM] Reload for file change: /Users/tejasbhuwania/Desktop/BombBoom/images/frog.png
2021-12-02T11:55:14.941Z - info: [6:55:14 AM] Reload for file deletion: /Users/tejasbhuwania/Desktop/BombBoom/images/frog.png
2021-12-02T11:55:15.893Z - error: ENOENT: no such file or directory, stat '/Users/tejasbhuwania/Desktop/BombBoom/images/frog.png'
2021-12-02T11:55:15.955Z - debug: Assets removed
2021-12-02T11:55:16.069Z - info: [6:55:16 AM] Reload for file add: /Users/tejasbhuwania/Desktop/BombBoom/images/frog.jpeg
2021-12-02T11:55:16.072Z - error: ENOENT: no such file or directory, stat '/Users/tejasbhuwania/Desktop/BombBoom/images/frog.png'
2021-12-02T11:55:21.499Z - info: [6:55:21 AM] Reload for file change: /Users/tejasbhuwania/Desktop/BombBoom/contents/q1.md
2021-12-02T11:55:22.506Z - info: Rebuilding 1 pages
2021-12-02T11:55:22.563Z - info: Site data built
2021-12-02T11:55:22.563Z - info: Pages rebuilt
2021-12-02T11:55:22.563Z - info: Website regeneration complete! Total build time: 0.058s
2021-12-02T11:56:25.701Z - info: [6:56:25 AM] Reload for file add: /Users/tejasbhuwania/Desktop/BombBoom/images/monkey.jpeg
2021-12-02T11:56:25.735Z - error: ENOENT: no such file or directory, stat '/Users/tejasbhuwania/Desktop/BombBoom/images/frog.png'
2021-12-02T11:56:57.726Z - info: [6:56:57 AM] Reload for file change: /Users/tejasbhuwania/Desktop/BombBoom/contents/q1.md
2021-12-02T11:56:58.742Z - info: Rebuilding 1 pages
2021-12-02T11:56:58.812Z - info: Site data built
2021-12-02T11:56:58.812Z - info: Pages rebuilt
2021-12-02T11:56:58.812Z - info: Website regeneration complete! Total build time: 0.075s
2021-12-02T11:57:18.066Z - info: Website generation started at 6:57:18 AM
2021-12-02T11:57:18.126Z - info: Building assets...
2021-12-02T11:57:18.157Z - info: Assets built
2021-12-02T11:57:18.158Z - info: Generating pages...
2021-12-02T11:57:18.416Z - info: Pages built
2021-12-02T11:57:18.473Z - info: Site data built
2021-12-02T11:57:18.474Z - info: Website generation complete! Total build time: 0.449s
2021-12-02T11:57:18.490Z - info: Serving "/Users/tejasbhuwania/Desktop/BombBoom/_site" at http://127.0.0.1:8080
2021-12-02T11:57:18.490Z - info: Press CTRL+C to stop ...
2021-12-02T11:57:49.851Z - info: [6:57:49 AM] Reload for file change: /Users/tejasbhuwania/Desktop/BombBoom/contents/q1.md
2021-12-02T11:57:50.860Z - info: Rebuilding 1 pages
2021-12-02T11:57:50.906Z - info: Site data built
2021-12-02T11:57:50.907Z - info: Pages rebuilt
2021-12-02T11:57:50.907Z - info: Website regeneration complete! Total build time: 0.05s
2021-12-02T11:58:01.414Z - info: [6:58:01 AM] Reload for file change: /Users/tejasbhuwania/Desktop/BombBoom/contents/q1.md
2021-12-02T11:58:02.417Z - info: Rebuilding 1 pages
2021-12-02T11:58:02.480Z - info: Site data built
2021-12-02T11:58:02.480Z - info: Pages rebuilt
2021-12-02T11:58:02.480Z - info: Website regeneration complete! Total build time: 0.064s
2021-12-02T11:58:11.463Z - info: [6:58:11 AM] Reload for file change: /Users/tejasbhuwania/Desktop/BombBoom/contents/q1.md
2021-12-02T11:58:12.464Z - info: Rebuilding 1 pages
2021-12-02T11:58:12.499Z - info: Site data built
2021-12-02T11:58:12.499Z - info: Pages rebuilt
2021-12-02T11:58:12.499Z - info: Website regeneration complete! Total build time: 0.035s
2021-12-02T11:59:58.639Z - info: [6:59:58 AM] Reload for file add: /Users/tejasbhuwania/Desktop/BombBoom/images/squirrel.png
2021-12-02T11:59:59.708Z - info: Assets built
2021-12-02T12:00:15.041Z - info: [7:00:15 AM] Reload for file change: /Users/tejasbhuwania/Desktop/BombBoom/contents/q1.md
2021-12-02T12:00:16.050Z - info: Rebuilding 1 pages
2021-12-02T12:00:16.116Z - info: Site data built
2021-12-02T12:00:16.116Z - info: Pages rebuilt
2021-12-02T12:00:16.116Z - info: Website regeneration complete! Total build time: 0.069s
2021-12-02T12:00:33.889Z - info: [7:00:33 AM] Reload for file change: /Users/tejasbhuwania/Desktop/BombBoom/contents/q1.md
2021-12-02T12:00:34.898Z - info: Rebuilding 1 pages
2021-12-02T12:00:34.969Z - info: Site data built
2021-12-02T12:00:34.969Z - info: Pages rebuilt
2021-12-02T12:00:34.969Z - info: Website regeneration complete! Total build time: 0.074s
2021-12-02T12:01:16.502Z - info: [7:01:16 AM] Reload for file add: /Users/tejasbhuwania/Desktop/BombBoom/images/dog.png
2021-12-02T12:01:17.542Z - info: Assets built
2021-12-02T12:01:31.432Z - info: [7:01:31 AM] Reload for file change: /Users/tejasbhuwania/Desktop/BombBoom/contents/q1.md
2021-12-02T12:01:32.441Z - info: Rebuilding 1 pages
2021-12-02T12:01:32.518Z - info: Site data built
2021-12-02T12:01:32.518Z - info: Pages rebuilt
2021-12-02T12:01:32.519Z - info: Website regeneration complete! Total build time: 0.081s
2021-12-02T12:02:19.468Z - info: [7:02:19 AM] Reload for file add: /Users/tejasbhuwania/Desktop/BombBoom/images/horse.png
2021-12-02T12:02:20.516Z - info: Assets built
2021-12-02T12:02:32.407Z - info: [7:02:32 AM] Reload for file change: /Users/tejasbhuwania/Desktop/BombBoom/contents/q1.md
2021-12-02T12:02:33.416Z - info: Rebuilding 1 pages
2021-12-02T12:02:33.459Z - info: Site data built
2021-12-02T12:02:33.459Z - info: Pages rebuilt
2021-12-02T12:02:33.460Z - info: Website regeneration complete! Total build time: 0.044s
2021-12-02T12:03:48.742Z - info: [7:03:48 AM] Reload for file change: /Users/tejasbhuwania/Desktop/BombBoom/contents/q1.md
2021-12-02T12:03:49.630Z - info: [7:03:49 AM] Reload for file add: /Users/tejasbhuwania/Desktop/BombBoom/images/chicken.png
2021-12-02T12:03:49.789Z - info: Rebuilding 1 pages
2021-12-02T12:03:49.884Z - info: Site data built
2021-12-02T12:03:49.884Z - info: Pages rebuilt
2021-12-02T12:03:49.884Z - info: Website regeneration complete! Total build time: 0.099s
2021-12-02T12:03:50.669Z - info: Assets built
2021-12-02T12:04:37.931Z - info: [7:04:37 AM] Reload for file change: /Users/tejasbhuwania/Desktop/BombBoom/contents/q1.md
2021-12-02T12:04:38.952Z - info: Rebuilding 1 pages
2021-12-02T12:04:39.049Z - info: Site data built
2021-12-02T12:04:39.049Z - info: Pages rebuilt
2021-12-02T12:04:39.049Z - info: Website regeneration complete! Total build time: 0.104s
2021-12-02T12:06:37.879Z - info: [7:06:37 AM] Reload for file deletion: /Users/tejasbhuwania/Desktop/BombBoom/images/chicken.png
2021-12-02T12:06:38.907Z - debug: Assets removed
2021-12-02T12:06:39.688Z - info: [7:06:39 AM] Reload for file add: /Users/tejasbhuwania/Desktop/BombBoom/images/chicken.png
2021-12-02T12:06:40.704Z - info: Assets built
2021-12-02T12:07:55.716Z - info: [7:07:55 AM] Reload for file deletion: /Users/tejasbhuwania/Desktop/BombBoom/images/horse.png
2021-12-02T12:07:56.645Z - info: [7:07:56 AM] Reload for file add: /Users/tejasbhuwania/Desktop/BombBoom/images/horse.png
2021-12-02T12:07:56.735Z - debug: Assets removed
2021-12-02T12:07:57.655Z - info: Assets built
2021-12-02T12:09:45.071Z - info: [7:09:45 AM] Reload for file add: /Users/tejasbhuwania/Desktop/BombBoom/images/horse.jpeg
2021-12-02T12:09:46.085Z - info: Assets built
2021-12-02T12:09:58.774Z - info: [7:09:58 AM] Reload for file change: /Users/tejasbhuwania/Desktop/BombBoom/contents/q1.md
2021-12-02T12:09:59.791Z - info: Rebuilding 1 pages
2021-12-02T12:09:59.904Z - info: Site data built
2021-12-02T12:09:59.904Z - info: Pages rebuilt
2021-12-02T12:09:59.905Z - info: Website regeneration complete! Total build time: 0.12s
2021-12-02T12:10:21.678Z - info: [7:10:21 AM] Reload for file change: /Users/tejasbhuwania/Desktop/BombBoom/images/horse.jpeg
2021-12-02T12:10:22.702Z - info: Assets built
2021-12-02T12:10:22.714Z - info: [7:10:22 AM] Reload for file change: /Users/tejasbhuwania/Desktop/BombBoom/images/horse.jpeg
2021-12-02T12:10:23.721Z - info: Assets built
2021-12-02T12:11:59.027Z - info: [7:11:59 AM] Reload for file deletion: /Users/tejasbhuwania/Desktop/BombBoom/images/horse.jpeg
2021-12-02T12:12:00.046Z - debug: Assets removed
2021-12-02T12:12:00.355Z - info: [7:12:00 AM] Reload for file add: /Users/tejasbhuwania/Desktop/BombBoom/images/horse.jpeg
2021-12-02T12:12:01.373Z - info: Assets built
2021-12-02T12:12:17.809Z - info: [7:12:17 AM] Reload for file change: /Users/tejasbhuwania/Desktop/BombBoom/contents/q1.md
2021-12-02T12:12:18.816Z - info: Rebuilding 1 pages
2021-12-02T12:12:18.920Z - info: Site data built
2021-12-02T12:12:18.920Z - info: Pages rebuilt
2021-12-02T12:12:18.921Z - info: Website regeneration complete! Total build time: 0.108s
2021-12-02T12:12:25.902Z - info: [7:12:25 AM] Reload for file change: /Users/tejasbhuwania/Desktop/BombBoom/contents/q1.md
2021-12-02T12:12:26.911Z - info: Rebuilding 1 pages
2021-12-02T12:12:26.981Z - info: Site data built
2021-12-02T12:12:26.981Z - info: Pages rebuilt
2021-12-02T12:12:26.981Z - info: Website regeneration complete! Total build time: 0.076s
2021-12-02T12:15:48.408Z - info: [7:15:48 AM] Reload for file change: /Users/tejasbhuwania/Desktop/BombBoom/contents/q1.md
2021-12-02T12:15:49.424Z - info: Rebuilding 1 pages
2021-12-02T12:15:49.515Z - info: Site data built
2021-12-02T12:15:49.515Z - info: Pages rebuilt
2021-12-02T12:15:49.515Z - info: Website regeneration complete! Total build time: 0.096s
2021-12-02T12:16:25.089Z - info: [7:16:25 AM] Reload for file deletion: /Users/tejasbhuwania/Desktop/BombBoom/images/chicken.png
2021-12-02T12:16:26.113Z - debug: Assets removed
2021-12-02T12:16:28.973Z - info: [7:16:28 AM] Reload for file change: /Users/tejasbhuwania/Desktop/BombBoom/images/horse.png
2021-12-02T12:16:29.066Z - info: [7:16:29 AM] Reload for file deletion: /Users/tejasbhuwania/Desktop/BombBoom/images/horse.png
2021-12-02T12:16:29.995Z - error: ENOENT: no such file or directory, stat '/Users/tejasbhuwania/Desktop/BombBoom/images/horse.png'
2021-12-02T12:16:30.076Z - debug: Assets removed
2021-12-02T12:16:30.434Z - info: [7:16:30 AM] Reload for file add: /Users/tejasbhuwania/Desktop/BombBoom/images/chick.jpeg
2021-12-02T12:16:30.445Z - error: ENOENT: no such file or directory, stat '/Users/tejasbhuwania/Desktop/BombBoom/images/horse.png'
2021-12-02T12:16:38.851Z - info: [7:16:38 AM] Reload for file change: /Users/tejasbhuwania/Desktop/BombBoom/contents/q1.md
2021-12-02T12:16:39.862Z - info: Rebuilding 1 pages
2021-12-02T12:16:39.942Z - info: Site data built
2021-12-02T12:16:39.943Z - info: Pages rebuilt
2021-12-02T12:16:39.943Z - info: Website regeneration complete! Total build time: 0.086s
2021-12-02T12:17:14.659Z - info: [7:17:14 AM] Reload for file change: /Users/tejasbhuwania/Desktop/BombBoom/images/chick.jpeg
2021-12-02T12:17:14.661Z - error: ENOENT: no such file or directory, stat '/Users/tejasbhuwania/Desktop/BombBoom/images/horse.png'
2021-12-02T12:17:14.972Z - info: [7:17:14 AM] Reload for file change: /Users/tejasbhuwania/Desktop/BombBoom/images/chick.jpeg
2021-12-02T12:17:14.973Z - error: ENOENT: no such file or directory, stat '/Users/tejasbhuwania/Desktop/BombBoom/images/horse.png'
2021-12-02T12:17:15.573Z - info: [7:17:15 AM] Reload for file change: /Users/tejasbhuwania/Desktop/BombBoom/images/chick.jpeg
2021-12-02T12:17:15.573Z - error: ENOENT: no such file or directory, stat '/Users/tejasbhuwania/Desktop/BombBoom/images/horse.png'
2021-12-02T12:17:48.595Z - info: Website generation started at 7:17:48 AM
2021-12-02T12:17:48.656Z - info: Building assets...
2021-12-02T12:17:48.689Z - info: Assets built
2021-12-02T12:17:48.690Z - info: Generating pages...
2021-12-02T12:17:48.953Z - info: Pages built
2021-12-02T12:17:49.009Z - info: Site data built
2021-12-02T12:17:49.009Z - info: Website generation complete! Total build time: 0.456s
2021-12-02T12:17:49.028Z - info: Serving "/Users/tejasbhuwania/Desktop/BombBoom/_site" at http://127.0.0.1:8080
2021-12-02T12:17:49.028Z - info: Press CTRL+C to stop ...
2021-12-02T12:18:32.396Z - info: [7:18:32 AM] Reload for file add: /Users/tejasbhuwania/Desktop/BombBoom/images/chicken.jpeg
2021-12-02T12:18:33.516Z - info: Assets built
2021-12-02T12:18:38.580Z - info: [7:18:38 AM] Reload for file change: /Users/tejasbhuwania/Desktop/BombBoom/contents/q1.md
2021-12-02T12:18:39.591Z - info: Rebuilding 1 pages
2021-12-02T12:18:39.659Z - info: Site data built
2021-12-02T12:18:39.659Z - info: Pages rebuilt
2021-12-02T12:18:39.660Z - info: Website regeneration complete! Total build time: 0.071s
2021-12-02T12:19:54.458Z - info: [7:19:54 AM] Reload for file deletion: /Users/tejasbhuwania/Desktop/BombBoom/images/chick.jpeg
2021-12-02T12:19:55.468Z - debug: Assets removed
2021-12-02T12:19:55.928Z - info: [7:19:55 AM] Reload for file add: /Users/tejasbhuwania/Desktop/BombBoom/images/chick.jpeg
2021-12-02T12:19:56.939Z - info: Assets built
2021-12-02T12:20:00.433Z - info: [7:20:00 AM] Reload for file change: /Users/tejasbhuwania/Desktop/BombBoom/contents/q1.md
2021-12-02T12:20:01.445Z - info: Rebuilding 1 pages
2021-12-02T12:20:01.492Z - info: Site data built
2021-12-02T12:20:01.492Z - info: Pages rebuilt
2021-12-02T12:20:01.492Z - info: Website regeneration complete! Total build time: 0.05s
2021-12-02T12:20:19.243Z - info: Deployed at https://tejas2805.github.io/bombphatnewalahai!
2021-12-02T12:20:39.704Z - info: Website generation started at 7:20:39 AM
2021-12-02T12:20:39.763Z - info: Building assets...
2021-12-02T12:20:39.794Z - info: Assets built
2021-12-02T12:20:39.794Z - info: Generating pages...
2021-12-02T12:20:40.039Z - info: Pages built
2021-12-02T12:20:40.098Z - info: Site data built
2021-12-02T12:20:40.098Z - info: Website generation complete! Total build time: 0.43s
2021-12-02T12:20:40.115Z - info: Serving "/Users/tejasbhuwania/Desktop/BombBoom/_site" at http://127.0.0.1:8080
2021-12-02T12:20:40.115Z - info: Press CTRL+C to stop ...
2021-12-02T12:23:49.042Z - info: [7:23:49 AM] Reload for file change: /Users/tejasbhuwania/Desktop/BombBoom/contents/q1.md
2021-12-02T12:23:50.067Z - info: Rebuilding 1 pages
2021-12-02T12:23:50.184Z - info: Site data built
2021-12-02T12:23:50.184Z - info: Pages rebuilt
2021-12-02T12:23:50.184Z - info: Website regeneration complete! Total build time: 0.12s
2021-12-02T12:24:12.800Z - info: [7:24:12 AM] Reload for file change: /Users/tejasbhuwania/Desktop/BombBoom/contents/q1.md
2021-12-02T12:24:13.815Z - info: Rebuilding 1 pages
2021-12-02T12:24:13.900Z - info: Site data built
2021-12-02T12:24:13.900Z - info: Pages rebuilt
2021-12-02T12:24:13.901Z - info: Website regeneration complete! Total build time: 0.093s
2021-12-02T12:25:02.018Z - info: [7:25:02 AM] Reload for file change: /Users/tejasbhuwania/Desktop/BombBoom/contents/q1.md
2021-12-02T12:25:03.022Z - info: Rebuilding 1 pages
2021-12-02T12:25:03.071Z - info: Site data built
2021-12-02T12:25:03.071Z - info: Pages rebuilt
2021-12-02T12:25:03.072Z - info: Website regeneration complete! Total build time: 0.051s
2021-12-02T12:25:31.769Z - info: [7:25:31 AM] Reload for file change: /Users/tejasbhuwania/Desktop/BombBoom/contents/q1.md
2021-12-02T12:25:32.772Z - info: Rebuilding 1 pages
2021-12-02T12:25:32.813Z - info: Site data built
2021-12-02T12:25:32.813Z - info: Pages rebuilt
2021-12-02T12:25:32.813Z - info: Website regeneration complete! Total build time: 0.043s
2021-12-02T12:26:58.338Z - info: [7:26:58 AM] Reload for file change: /Users/tejasbhuwania/Desktop/BombBoom/contents/q1.md
2021-12-02T12:26:59.351Z - info: Rebuilding 1 pages
2021-12-02T12:26:59.403Z - info: Site data built
2021-12-02T12:26:59.404Z - info: Pages rebuilt
2021-12-02T12:26:59.404Z - info: Website regeneration complete! Total build time: 0.058s
2021-12-02T12:27:32.371Z - info: [7:27:32 AM] Reload for file change: /Users/tejasbhuwania/Desktop/BombBoom/contents/q1.md
2021-12-02T12:27:33.379Z - info: Rebuilding 1 pages
2021-12-02T12:27:33.452Z - info: Site data built
2021-12-02T12:27:33.452Z - info: Pages rebuilt
2021-12-02T12:27:33.452Z - info: Website regeneration complete! Total build time: 0.075s
2021-12-02T12:35:59.016Z - info: Website generation started at 7:35:58 AM
2021-12-02T12:35:59.109Z - info: Building assets...
2021-12-02T12:35:59.159Z - info: Assets built
2021-12-02T12:35:59.160Z - info: Generating pages...
2021-12-02T12:35:59.438Z - info: Pages built
2021-12-02T12:35:59.502Z - info: Site data built
2021-12-02T12:35:59.503Z - info: Website generation complete! Total build time: 0.545s
2021-12-02T12:35:59.527Z - info: Serving "/Users/tejasbhuwania/Desktop/BombBoom/_site" at http://127.0.0.1:8080
2021-12-02T12:35:59.527Z - info: Press CTRL+C to stop ...
2021-12-02T12:44:53.509Z - info: [7:44:53 AM] Reload for file change: /Users/tejasbhuwania/Desktop/BombBoom/contents/q2.md
2021-12-02T12:44:54.561Z - info: Rebuilding 1 pages
2021-12-02T12:44:54.694Z - info: Site data built
2021-12-02T12:44:54.694Z - info: Pages rebuilt
2021-12-02T12:44:54.694Z - info: Website regeneration complete! Total build time: 0.15s
2021-12-02T12:45:08.705Z - info: [7:45:08 AM] Reload for file change: /Users/tejasbhuwania/Desktop/BombBoom/contents/q2.md
2021-12-02T12:45:09.712Z - info: Rebuilding 1 pages
2021-12-02T12:45:09.762Z - info: Site data built
2021-12-02T12:45:09.762Z - info: Pages rebuilt
2021-12-02T12:45:09.763Z - info: Website regeneration complete! Total build time: 0.051s
2021-12-02T12:45:36.935Z - info: Deployed at https://tejas2805.github.io/bombphatnewalahai!
